  Actor.cpp
  AnimSpriteComponent.cpp
  Assets.cpp
  Astroid.cpp
  BackgroundSpriteComponent.cpp
  CircleCollisionComponent.cpp
  Component.cpp
  Game.cpp
C:\Users\loris.moreau\Documents\GitHub\Simple Game Engine\Simple Game Engine\Game.cpp(208,10): warning C4551: function call missing argument list
  InputComponent.cpp
  Laser.cpp
  Main.cpp
  MoveComponent.cpp
  Random.cpp
  Renderer.cpp
  Ship.cpp
  SpriteComponent.cpp
  Texture.cpp
  Vectro2.cpp
  Generating Code...
  Simple Game Engine.vcxproj -> C:\Users\loris.moreau\Documents\GitHub\Simple Game Engine\x64\Debug\Simple Game Engine.exe
